<?xml version="1.0" encoding="UTF-8"?>
<testng-results skipped="0" failed="0" total="1" passed="1">
  <reporter-output>
  </reporter-output>
  <suite name="Default suite" duration-ms="10453" started-at="2019-08-20T10:23:59Z" finished-at="2019-08-20T10:24:09Z">
    <groups>
    </groups>
    <test name="Default test" duration-ms="10453" started-at="2019-08-20T10:23:59Z" finished-at="2019-08-20T10:24:09Z">
      <class name="practice.test.NewTest">
        <test-method status="PASS" signature="verifyHomepageTitle()[pri:0, instance:practice.test.NewTest@cc285f4]" name="verifyHomepageTitle" duration-ms="10424" started-at="2019-08-20T15:53:59Z" finished-at="2019-08-20T15:54:09Z">
          <reporter-output>
          </reporter-output>
        </test-method> <!-- verifyHomepageTitle -->
      </class> <!-- practice.test.NewTest -->
    </test> <!-- Default test -->
  </suite> <!-- Default suite -->
</testng-results>
